ERROR 2022-01-08 16:43:16,471 - ResourceManager.getResource() parse exception
org.apache.velocity.exception.ParseErrorException: Lexical error: org.apache.velocity.runtime.parser.TokenMgrError: Lexical error at line 91, column 6.  Encountered: "\u00c2" (194), after : ""
	at org.apache.velocity.Template.process(Template.java:141)
	at org.apache.velocity.runtime.resource.ResourceManagerImpl.loadResource(ResourceManagerImpl.java:446)
	at org.apache.velocity.runtime.resource.ResourceManagerImpl.getResource(ResourceManagerImpl.java:354)
	at org.apache.velocity.runtime.RuntimeInstance.getTemplate(RuntimeInstance.java:1400)
	at org.apache.velocity.runtime.RuntimeInstance.getTemplate(RuntimeInstance.java:1380)
	at org.apache.velocity.app.VelocityEngine.getTemplate(VelocityEngine.java:401)
	at org.andromda.templateengines.velocity.VelocityTemplateEngine.processTemplate(VelocityTemplateEngine.java:232)
	at org.andromda.andromdapp.AndroMDAppType.processResources(AndroMDAppType.java:398)
	at org.andromda.andromdapp.AndroMDApp.chooseTypeAndRun(AndroMDApp.java:219)
	at org.andromda.andromdapp.AndroMDApp.run(AndroMDApp.java:51)
	at org.andromda.maven.plugin.andromdapp.AndroMDAppMojo.execute(AndroMDAppMojo.java:51)
	at org.apache.maven.plugin.DefaultBuildPluginManager.executeMojo(DefaultBuildPluginManager.java:137)
	at org.apache.maven.lifecycle.internal.MojoExecutor.execute(MojoExecutor.java:210)
	at org.apache.maven.lifecycle.internal.MojoExecutor.execute(MojoExecutor.java:156)
	at org.apache.maven.lifecycle.internal.MojoExecutor.execute(MojoExecutor.java:148)
	at org.apache.maven.lifecycle.internal.LifecycleModuleBuilder.buildProject(LifecycleModuleBuilder.java:117)
	at org.apache.maven.lifecycle.internal.LifecycleModuleBuilder.buildProject(LifecycleModuleBuilder.java:81)
	at org.apache.maven.lifecycle.internal.builder.singlethreaded.SingleThreadedBuilder.build(SingleThreadedBuilder.java:56)
	at org.apache.maven.lifecycle.internal.LifecycleStarter.execute(LifecycleStarter.java:128)
	at org.apache.maven.DefaultMaven.doExecute(DefaultMaven.java:305)
	at org.apache.maven.DefaultMaven.doExecute(DefaultMaven.java:192)
	at org.apache.maven.DefaultMaven.execute(DefaultMaven.java:105)
	at org.apache.maven.cli.MavenCli.execute(MavenCli.java:957)
	at org.apache.maven.cli.MavenCli.doMain(MavenCli.java:289)
	at org.apache.maven.cli.MavenCli.main(MavenCli.java:193)
	at java.base/jdk.internal.reflect.NativeMethodAccessorImpl.invoke0(Native Method)
	at java.base/jdk.internal.reflect.NativeMethodAccessorImpl.invoke(NativeMethodAccessorImpl.java:62)
	at java.base/jdk.internal.reflect.DelegatingMethodAccessorImpl.invoke(DelegatingMethodAccessorImpl.java:43)
	at java.base/java.lang.reflect.Method.invoke(Method.java:566)
	at org.codehaus.plexus.classworlds.launcher.Launcher.launchEnhanced(Launcher.java:282)
	at org.codehaus.plexus.classworlds.launcher.Launcher.launch(Launcher.java:225)
	at org.codehaus.plexus.classworlds.launcher.Launcher.mainWithExitCode(Launcher.java:406)
	at org.codehaus.plexus.classworlds.launcher.Launcher.main(Launcher.java:347)
ERROR 2022-01-08 16:43:16,471 - ResourceManager.getResource() parse exception
org.apache.velocity.exception.ParseErrorException: Lexical error: org.apache.velocity.runtime.parser.TokenMgrError: Lexical error at line 91, column 6.  Encountered: "\u00c2" (194), after : ""
	at org.apache.velocity.Template.process(Template.java:141)
	at org.apache.velocity.runtime.resource.ResourceManagerImpl.loadResource(ResourceManagerImpl.java:446)
	at org.apache.velocity.runtime.resource.ResourceManagerImpl.getResource(ResourceManagerImpl.java:354)
	at org.apache.velocity.runtime.RuntimeInstance.getTemplate(RuntimeInstance.java:1400)
	at org.apache.velocity.runtime.RuntimeInstance.getTemplate(RuntimeInstance.java:1380)
	at org.apache.velocity.app.VelocityEngine.getTemplate(VelocityEngine.java:401)
	at org.andromda.templateengines.velocity.VelocityTemplateEngine.processTemplate(VelocityTemplateEngine.java:232)
	at org.andromda.andromdapp.AndroMDAppType.processResources(AndroMDAppType.java:398)
	at org.andromda.andromdapp.AndroMDApp.chooseTypeAndRun(AndroMDApp.java:219)
	at org.andromda.andromdapp.AndroMDApp.run(AndroMDApp.java:51)
	at org.andromda.maven.plugin.andromdapp.AndroMDAppMojo.execute(AndroMDAppMojo.java:51)
	at org.apache.maven.plugin.DefaultBuildPluginManager.executeMojo(DefaultBuildPluginManager.java:137)
	at org.apache.maven.lifecycle.internal.MojoExecutor.execute(MojoExecutor.java:210)
	at org.apache.maven.lifecycle.internal.MojoExecutor.execute(MojoExecutor.java:156)
	at org.apache.maven.lifecycle.internal.MojoExecutor.execute(MojoExecutor.java:148)
	at org.apache.maven.lifecycle.internal.LifecycleModuleBuilder.buildProject(LifecycleModuleBuilder.java:117)
	at org.apache.maven.lifecycle.internal.LifecycleModuleBuilder.buildProject(LifecycleModuleBuilder.java:81)
	at org.apache.maven.lifecycle.internal.builder.singlethreaded.SingleThreadedBuilder.build(SingleThreadedBuilder.java:56)
	at org.apache.maven.lifecycle.internal.LifecycleStarter.execute(LifecycleStarter.java:128)
	at org.apache.maven.DefaultMaven.doExecute(DefaultMaven.java:305)
	at org.apache.maven.DefaultMaven.doExecute(DefaultMaven.java:192)
	at org.apache.maven.DefaultMaven.execute(DefaultMaven.java:105)
	at org.apache.maven.cli.MavenCli.execute(MavenCli.java:957)
	at org.apache.maven.cli.MavenCli.doMain(MavenCli.java:289)
	at org.apache.maven.cli.MavenCli.main(MavenCli.java:193)
	at java.base/jdk.internal.reflect.NativeMethodAccessorImpl.invoke0(Native Method)
	at java.base/jdk.internal.reflect.NativeMethodAccessorImpl.invoke(NativeMethodAccessorImpl.java:62)
	at java.base/jdk.internal.reflect.DelegatingMethodAccessorImpl.invoke(DelegatingMethodAccessorImpl.java:43)
	at java.base/java.lang.reflect.Method.invoke(Method.java:566)
	at org.codehaus.plexus.classworlds.launcher.Launcher.launchEnhanced(Launcher.java:282)
	at org.codehaus.plexus.classworlds.launcher.Launcher.launch(Launcher.java:225)
	at org.codehaus.plexus.classworlds.launcher.Launcher.mainWithExitCode(Launcher.java:406)
	at org.codehaus.plexus.classworlds.launcher.Launcher.main(Launcher.java:347)
