2022-01-18 19:21:05,503 INFO  [AndroMDA] - discovering namespaces -
2022-01-18 19:21:05,621 INFO  [AndroMDA] found namespace --> 'angular'
2022-01-18 19:21:05,621 INFO  [AndroMDA]   +  registering component 'cartridge'
2022-01-18 19:21:05,656 INFO  [AndroMDA]   +  registering component 'metafacades'
2022-01-18 19:21:05,706 INFO  [AndroMDA]   +  registering component 'profile'
2022-01-18 19:21:05,718 INFO  [AndroMDA] found namespace --> 'emf-uml22'
2022-01-18 19:21:05,718 INFO  [AndroMDA]   +  registering component 'metafacades'
2022-01-18 19:21:05,802 INFO  [AndroMDA]   +  registering component 'profile'
2022-01-18 19:21:05,810 INFO  [AndroMDA]   +  registering component 'repository'
2022-01-18 19:21:05,887 INFO  [AndroMDA] found namespace --> 'hibernate'
2022-01-18 19:21:05,887 INFO  [AndroMDA]   +  registering component 'cartridge'
2022-01-18 19:21:05,903 INFO  [AndroMDA]   +  registering component 'metafacades'
2022-01-18 19:21:05,927 INFO  [AndroMDA]   +  registering component 'profile'
2022-01-18 19:21:05,933 INFO  [AndroMDA] found namespace --> 'java'
2022-01-18 19:21:05,933 INFO  [AndroMDA]   +  registering component 'cartridge'
2022-01-18 19:21:05,941 INFO  [AndroMDA]   +  registering component 'profile'
2022-01-18 19:21:05,944 INFO  [AndroMDA]   +  registering component 'metafacades'
2022-01-18 19:21:05,948 INFO  [AndroMDA] found namespace --> 'netBeansMDR'
2022-01-18 19:21:05,949 INFO  [AndroMDA]   +  registering component 'repository'
2022-01-18 19:21:06,015 INFO  [AndroMDA] found namespace --> 'spring'
2022-01-18 19:21:06,015 INFO  [AndroMDA]   +  registering component 'cartridge'
2022-01-18 19:21:06,053 INFO  [AndroMDA]   +  registering component 'metafacades'
2022-01-18 19:21:06,076 INFO  [AndroMDA]   +  registering component 'profile'
2022-01-18 19:21:06,082 INFO  [AndroMDA] found namespace --> 'uml-1.4'
2022-01-18 19:21:06,082 INFO  [AndroMDA]   +  registering component 'metafacades'
2022-01-18 19:21:06,130 INFO  [AndroMDA]   +  registering component 'profile'
2022-01-18 19:21:06,134 INFO  [AndroMDA] found namespace --> 'validation'
2022-01-18 19:21:06,134 INFO  [AndroMDA]   +  registering component 'translation-library'
2022-01-18 19:21:06,186 INFO  [AndroMDA] found namespace --> 'webservice'
2022-01-18 19:21:06,186 INFO  [AndroMDA]   +  registering component 'cartridge'
2022-01-18 19:21:06,201 INFO  [AndroMDA]   +  registering component 'metafacades'
2022-01-18 19:21:06,214 INFO  [AndroMDA]   +  registering component 'profile'
2022-01-18 19:21:07,179 INFO  [AndroMDA] - core initialization complete: 1.844[s] -
2022-01-18 19:21:07,206 INFO  [AndroMDA] loading model --> 'file:/home/junior/programming/work/bocra/bocraportal/mda/src/main/uml/bocraportal.uml'
2022-01-18 19:21:07,226 INFO  [AndroMDA] referenced model --> 'file:/home/junior/programming/work/bocra/bocraportal/mda/src/main/uml/bocraportal.uml' 
2022-01-18 19:21:07,405 INFO  [AndroMDA] referenced model --> 'file:/home/junior/programming/work/bocra/bocraportal/mda/src/main/uml/andromda-common.profile.uml' 
2022-01-18 19:21:07,597 INFO  [AndroMDA] referenced model --> 'file:/home/junior/programming/work/bocra/bocraportal/mda/src/main/uml/UML_Standard_Profile.MagicDraw_Profile.Find_By_Text.profile.uml/' 
2022-01-18 19:21:07,602 INFO  [AndroMDA] referenced model --> 'jar:file:/home/junior/.m2/repository/org/eclipse/uml2/uml/resources/5.0.0-v20140602-0749/resources-5.0.0-v20140602-0749.jar!/profiles/Standard.profile.uml#_0' 
2022-01-18 19:21:07,616 INFO  [AndroMDA] referenced model --> 'file:/home/junior/programming/work/bocra/bocraportal/mda/src/main/uml/andromda-presentation.profile.uml' 
2022-01-18 19:21:07,663 INFO  [AndroMDA] referenced model --> 'file:/home/junior/programming/work/bocra/bocraportal/mda/src/main/uml/andromda-service.profile.uml' 
2022-01-18 19:21:07,685 INFO  [AndroMDA] referenced model --> 'file:/home/junior/programming/work/bocra/bocraportal/mda/src/main/uml/UML_Standard_Profile.MagicDraw_Profile.profile.uml' 
2022-01-18 19:21:07,965 INFO  [AndroMDA] referenced model --> 'file:/home/junior/programming/work/bocra/bocraportal/mda/src/main/uml/UML_Standard_Profile.Validation_Profile.profile.uml' 
2022-01-18 19:21:08,167 INFO  [AndroMDA] referenced model --> 'file:/home/junior/programming/work/bocra/bocraportal/mda/src/main/uml/UML_Standard_Profile.MagicDraw_Profile.DSL_Customization.profile.uml' 
2022-01-18 19:21:08,389 INFO  [AndroMDA] referenced model --> 'file:/home/junior/programming/work/bocra/bocraportal/mda/src/main/uml/andromda-persistence.profile.uml' 
2022-01-18 19:21:08,441 INFO  [AndroMDA] referenced model --> 'file:/home/junior/programming/work/bocra/bocraportal/mda/src/main/uml/andromda-webservice.profile.uml' 
2022-01-18 19:21:08,465 INFO  [AndroMDA] referenced model --> 'file:/home/junior/programming/work/bocra/bocraportal/mda/src/main/uml/andromda-xml.profile.uml' 
2022-01-18 19:21:08,492 INFO  [AndroMDA] referenced model --> 'jar:file:/home/junior/.m2/repository/org/eclipse/uml2/uml/resources/5.0.0-v20140602-0749/resources-5.0.0-v20140602-0749.jar!/profiles/Ecore.profile.uml#_z1OFcHjqEdy8S4Cr8Rc_NA' 
2022-01-18 19:21:08,497 INFO  [AndroMDA] referenced model --> 'jar:file:/home/junior/.m2/repository/org/eclipse/uml2/uml/resources/5.0.0-v20140602-0749/resources-5.0.0-v20140602-0749.jar!/profiles/Ecore.profile.uml#_0' 
2022-01-18 19:21:08,502 INFO  [AndroMDA] referenced model --> 'jar:file:/home/junior/.m2/repository/org/eclipse/uml2/uml/resources/5.0.0-v20140602-0749/resources-5.0.0-v20140602-0749.jar!/profiles/Ecore.profile.uml' 
2022-01-18 19:21:08,595 INFO  [AndroMDA] referenced model --> 'file:/home/junior/programming/work/bocra/bocraportal/mda/src/main/uml/andromda-messaging.profile.uml' 
2022-01-18 19:21:08,624 INFO  [AndroMDA] referenced model --> 'file:/home/junior/programming/work/bocra/bocraportal/mda/src/main/uml/andromda-meta.profile.uml' 
2022-01-18 19:21:08,638 INFO  [AndroMDA] referenced model --> 'file:/home/junior/programming/work/bocra/bocraportal/mda/src/main/uml/UML_Standard_Profile.Dependency_Matrix_Profile.profile.uml' 
2022-01-18 19:21:08,664 INFO  [AndroMDA] referenced model --> 'file:/home/junior/programming/work/bocra/bocraportal/mda/src/main/uml/andromda-process.profile.uml' 
2022-01-18 19:21:08,687 INFO  [AndroMDA] referenced model --> 'file:/home/junior/programming/work/bocra/bocraportal/mda/src/main/uml/UML_Standard_Profile.MagicDraw_Profile.Traceability_customization.profile.uml' 
2022-01-18 19:21:08,725 INFO  [AndroMDA] referenced model --> 'file:/home/junior/programming/work/bocra/bocraportal/mda/src/main/uml/UML_Standard_Profile.MagicDraw_Profile.Find_By_Text.profile.uml' 
2022-01-18 19:21:08,752 INFO  [AndroMDA] referenced model --> 'jar:file:/home/junior/.m2/repository/org/eclipse/uml2/uml/resources/5.0.0-v20140602-0749/resources-5.0.0-v20140602-0749.jar!/profiles/Standard.profile.uml' 
2022-01-18 19:21:08,776 INFO  [AndroMDA] - loading complete: 1.593[s] -
2022-01-18 19:21:08,776 INFO  [AndroMDA] - validating model -
2022-01-18 19:21:10,297 INFO  [AndroMDA] - validation complete: 1.521[s] -
2022-01-18 19:21:10,360 INFO  [AndroMDA] Processing cartridge spring on model /home/junior/programming/work/bocra/bocraportal/mda/src/main/uml/bocraportal.uml
2022-01-18 19:21:10,361 INFO  [org.andromda.core.cartridge.Cartridge] Processing templates/spring/roo/RooSingleEachTimeScript.roo.vsl with 79 metafacades from 3 model elements
2022-01-18 19:21:10,452 WARN  [org.andromda.core.cartridge.Cartridge] Template outlet location 'roo-directory' is not defined in namespace spring
2022-01-18 19:21:10,452 INFO  [org.andromda.core.cartridge.Cartridge] Processing templates/spring/roo/RooSingleOnceScript.roo.vsl with 2 metafacades from 1 model elements
2022-01-18 19:21:10,455 WARN  [org.andromda.core.cartridge.Cartridge] Template outlet location 'roo-directory' is not defined in namespace spring
2022-01-18 19:21:10,458 WARN  [org.andromda.core.cartridge.Cartridge] Template outlet location 'roo-directory' is not defined in namespace spring
2022-01-18 19:21:10,458 INFO  [org.andromda.core.cartridge.Cartridge] Processing templates/spring/SpringRepository.vsl with 2 metafacades from 1 model elements
2022-01-18 19:21:10,539 INFO  [AndroMDA:spring] Output: 'file:/home/junior/programming/work/bocra/bocraportal/mda/../core/target/src/main/java/bw/org/bocra/portal/licensee/LicenseeRepository.java'
2022-01-18 19:21:10,563 INFO  [AndroMDA:spring] Output: 'file:/home/junior/programming/work/bocra/bocraportal/mda/../core/target/src/main/java/bw/org/bocra/portal/user/UserOrganisationRepository.java'
2022-01-18 19:21:10,563 INFO  [org.andromda.core.cartridge.Cartridge] Processing templates/spring/SpringSpecifications.vsl with 2 metafacades from 1 model elements
2022-01-18 19:21:10,574 WARN  [org.andromda.core.cartridge.Cartridge] Error PostProcessing file:/home/junior/programming/work/bocra/bocraportal/mda/../core/target/src/main/java/bw/org/bocra/portal/licensee/LicenseeSpecifications.java: Parse error at line 9, column 25.  Encountered: ,
2022-01-18 19:21:10,574 INFO  [AndroMDA:spring] Output: 'file:/home/junior/programming/work/bocra/bocraportal/mda/../core/target/src/main/java/bw/org/bocra/portal/licensee/LicenseeSpecifications.java'
2022-01-18 19:21:10,577 WARN  [org.andromda.core.cartridge.Cartridge] Error PostProcessing file:/home/junior/programming/work/bocra/bocraportal/mda/../core/target/src/main/java/bw/org/bocra/portal/user/UserOrganisationSpecifications.java: Parse error at line 9, column 33.  Encountered: ,
2022-01-18 19:21:10,578 INFO  [AndroMDA:spring] Output: 'file:/home/junior/programming/work/bocra/bocraportal/mda/../core/target/src/main/java/bw/org/bocra/portal/user/UserOrganisationSpecifications.java'
2022-01-18 19:21:10,578 INFO  [org.andromda.core.cartridge.Cartridge] Processing templates/spring/SpringDao.vsl with 2 metafacades from 1 model elements
2022-01-18 19:21:10,641 INFO  [AndroMDA:spring] Output: 'file:/home/junior/programming/work/bocra/bocraportal/mda/../core/target/src/main/java/bw/org/bocra/portal/licensee/LicenseeDao.java'
2022-01-18 19:21:10,670 INFO  [AndroMDA:spring] Output: 'file:/home/junior/programming/work/bocra/bocraportal/mda/../core/target/src/main/java/bw/org/bocra/portal/user/UserOrganisationDao.java'
2022-01-18 19:21:10,671 INFO  [org.andromda.core.cartridge.Cartridge] Processing templates/spring/hibernate/SpringHibernateDaoBase.vsl with 2 metafacades from 1 model elements
2022-01-18 19:21:10,848 INFO  [AndroMDA:spring] Output: 'file:/home/junior/programming/work/bocra/bocraportal/mda/../core/target/src/main/java/bw/org/bocra/portal/licensee/LicenseeDaoBase.java'
2022-01-18 19:21:10,941 INFO  [AndroMDA:spring] Output: 'file:/home/junior/programming/work/bocra/bocraportal/mda/../core/target/src/main/java/bw/org/bocra/portal/user/UserOrganisationDaoBase.java'
2022-01-18 19:21:10,942 INFO  [org.andromda.core.cartridge.Cartridge] Processing templates/spring/hibernate/SpringHibernateDaoImpl.vsl with 0 metafacades from 1 model elements
2022-01-18 19:21:10,942 INFO  [org.andromda.core.cartridge.Cartridge] Processing templates/spring/hibernate/SpringHibernateDaoImpl.vsl with 2 metafacades from 1 model elements
2022-01-18 19:21:10,971 INFO  [org.andromda.core.cartridge.Cartridge] Processing templates/spring/hibernate/H2.java.vsl with 2 metafacades from 1 model elements
2022-01-18 19:21:10,980 INFO  [AndroMDA:spring] Output: 'file:/home/junior/programming/work/bocra/bocraportal/mda/../core/target/src/test/java/org/andromda/dbtest/H2.java'
2022-01-18 19:21:10,980 INFO  [org.andromda.core.cartridge.Cartridge] Processing templates/spring/richclient/ehcache-server-authentication.xml.vsl with 0 metafacades from 1 model elements
2022-01-18 19:21:10,981 INFO  [org.andromda.core.cartridge.Cartridge] Processing templates/spring/richclient/AuthenticationDaoImpl.vsl with 0 metafacades from 1 model elements
2022-01-18 19:21:10,982 INFO  [org.andromda.core.cartridge.Cartridge] Processing templates/spring/richclient/SpringMergeMappings.vsl with 0 metafacades from 1 model elements
2022-01-18 19:21:10,983 INFO  [org.andromda.core.cartridge.Cartridge] Processing templates/spring/remoting/client/applicationContext-client-authentication.xml.vsl with 0 metafacades from 1 model elements
2022-01-18 19:21:10,983 INFO  [org.andromda.core.cartridge.Cartridge] Processing templates/spring/remoting/client/applicationContext-client.properties.vsl with 0 metafacades from 1 model elements
2022-01-18 19:21:10,983 INFO  [org.andromda.core.cartridge.Cartridge] Processing templates/spring/osgi/applicationContext-osgi-export.xml.vsl with 2 metafacades from 1 model elements
2022-01-18 19:21:10,986 WARN  [org.andromda.core.cartridge.Cartridge] Template outlet location 'osgi' is not defined in namespace spring
2022-01-18 19:21:10,986 INFO  [org.andromda.core.cartridge.Cartridge] Processing templates/spring/osgi/applicationContext-osgi-import.xml.vsl with 2 metafacades from 1 model elements
2022-01-18 19:21:10,988 WARN  [org.andromda.core.cartridge.Cartridge] Template outlet location 'osgi' is not defined in namespace spring
2022-01-18 19:21:10,988 INFO  [org.andromda.core.cartridge.Cartridge] Processing templates/spring/richclient/serverTestBeanRefFactory.properties.vsl with 0 metafacades from 1 model elements
2022-01-18 19:21:10,989 INFO  [org.andromda.core.cartridge.Cartridge] Processing templates/spring/hibernate/search/SearchParameter.java.vsl with 2 metafacades from 1 model elements
2022-01-18 19:21:10,994 INFO  [AndroMDA:spring] Output: 'file:/home/junior/programming/work/bocra/bocraportal/mda/../core/target/src/main/java/bw/org/bocra/portal/SearchParameter.java'
2022-01-18 19:21:10,994 INFO  [org.andromda.core.cartridge.Cartridge] Processing templates/spring/hibernate/search/Search.java.vsl with 2 metafacades from 1 model elements
2022-01-18 19:21:11,002 INFO  [AndroMDA:spring] Output: 'file:/home/junior/programming/work/bocra/bocraportal/mda/../core/target/src/main/java/bw/org/bocra/portal/Search.java'
2022-01-18 19:21:11,002 INFO  [org.andromda.core.cartridge.Cartridge] Processing templates/spring/hibernate/search/PropertySearch.java.vsl with 2 metafacades from 1 model elements
2022-01-18 19:21:11,014 INFO  [AndroMDA:spring] Output: 'file:/home/junior/programming/work/bocra/bocraportal/mda/../core/target/src/main/java/bw/org/bocra/portal/PropertySearch.java'
2022-01-18 19:21:11,017 INFO  [AndroMDA:spring] Output: 'file:/home/junior/programming/work/bocra/bocraportal/mda/../core/target/src/main/java/org/andromda/spring/PaginationResult.java'
2022-01-18 19:21:11,017 INFO  [org.andromda.core.cartridge.Cartridge] Processing templates/spring/hibernate/HibernateSearch.vsl with 2 metafacades from 1 model elements
2022-01-18 19:21:11,048 INFO  [AndroMDA:spring] Output: 'file:/home/junior/programming/work/bocra/bocraportal/mda/../core/target/src/main/java/bw/org/bocra/portal/CriteriaSearch.java'
2022-01-18 19:21:11,048 INFO  [org.andromda.core.cartridge.Cartridge] Processing templates/spring/hibernate/HibernateSearchProperties.vsl with 2 metafacades from 1 model elements
2022-01-18 19:21:11,060 INFO  [AndroMDA:spring] Output: 'file:/home/junior/programming/work/bocra/bocraportal/mda/../core/target/src/main/java/bw/org/bocra/portal/CriteriaSearchProperties.java'
2022-01-18 19:21:11,061 INFO  [org.andromda.core.cartridge.Cartridge] Processing templates/spring/hibernate/HibernateSearchConfiguration.vsl with 2 metafacades from 1 model elements
2022-01-18 19:21:11,065 INFO  [AndroMDA:spring] Output: 'file:/home/junior/programming/work/bocra/bocraportal/mda/../core/target/src/main/java/bw/org/bocra/portal/CriteriaSearchConfiguration.java'
2022-01-18 19:21:11,065 INFO  [org.andromda.core.cartridge.Cartridge] Processing templates/spring/hibernate/HibernateSearchParameter.vsl with 2 metafacades from 1 model elements
2022-01-18 19:21:11,072 INFO  [AndroMDA:spring] Output: 'file:/home/junior/programming/work/bocra/bocraportal/mda/../core/target/src/main/java/bw/org/bocra/portal/CriteriaSearchParameter.java'
2022-01-18 19:21:11,073 INFO  [org.andromda.core.cartridge.Cartridge] Processing templates/spring/hibernate/SearchCriteria.vsl with 1 metafacades from 1 model elements
2022-01-18 19:21:11,081 INFO  [AndroMDA:spring] Output: 'file:/home/junior/programming/work/bocra/bocraportal/mda/../common/target/src/main/java/bw/org/bocra/portal/licensee/LicenseeCriteria.java'
2022-01-18 19:21:11,082 INFO  [org.andromda.core.cartridge.Cartridge] Processing templates/spring/presentation/hibernate/OpenSessionInViewFilter.java.vsl with 2 metafacades from 1 model elements
2022-01-18 19:21:11,084 WARN  [org.andromda.core.cartridge.Cartridge] Template outlet location 'open-session-in-view' is not defined in namespace spring
2022-01-18 19:21:11,086 INFO  [AndroMDA:spring] Output: 'file:/home/junior/programming/work/bocra/bocraportal/mda/../core/target/src/main/resources/core-application.properties'
2022-01-18 19:21:11,088 WARN  [org.andromda.core.cartridge.Cartridge] Template outlet location 'remoting-war-support' is not defined in namespace spring
2022-01-18 19:21:11,089 WARN  [org.andromda.core.cartridge.Cartridge] Template outlet location 'remoting-war-support' is not defined in namespace spring
2022-01-18 19:21:11,090 INFO  [org.andromda.core.cartridge.Cartridge] Processing templates/spring/remoting/SpringRemotingWarMergeMappings.xml.vsl with 0 metafacades from 1 model elements
2022-01-18 19:21:11,093 INFO  [org.andromda.core.cartridge.Cartridge] Processing templates/spring/remoting/client/AuthenticatingHttpInvokerRequestExecutor.java.vsl with 0 metafacades from 1 model elements
2022-01-18 19:21:11,094 INFO  [org.andromda.core.cartridge.Cartridge] Processing templates/spring/ejb/SpringSessionBean.vsl with 2 metafacades from 1 model elements
2022-01-18 19:21:11,110 INFO  [org.andromda.core.cartridge.Cartridge] Processing templates/spring/ejb/SpringSessionRemote.vsl with 0 metafacades from 1 model elements
2022-01-18 19:21:11,111 INFO  [org.andromda.core.cartridge.Cartridge] Processing templates/spring/ejb/SpringSessionRemoteHome.vsl with 0 metafacades from 1 model elements
2022-01-18 19:21:11,112 INFO  [org.andromda.core.cartridge.Cartridge] Processing templates/spring/ejb/SpringSessionLocal.vsl with 2 metafacades from 1 model elements
2022-01-18 19:21:11,122 INFO  [org.andromda.core.cartridge.Cartridge] Processing templates/spring/ejb/SpringSessionLocalHome.vsl with 2 metafacades from 1 model elements
2022-01-18 19:21:11,125 INFO  [org.andromda.core.cartridge.Cartridge] Processing templates/spring/richclient/SpringServerTest.vsl with 0 metafacades from 1 model elements
2022-01-18 19:21:11,125 INFO  [org.andromda.core.cartridge.Cartridge] Processing templates/spring/richclient/ThisBeanFactory.java.vsl with 0 metafacades from 1 model elements
2022-01-18 19:21:11,126 INFO  [org.andromda.core.cartridge.Cartridge] Processing templates/spring/remoting/client/SpringClientServiceLocator.vsl with 0 metafacades from 2 model elements
2022-01-18 19:21:11,126 INFO  [org.andromda.core.cartridge.Cartridge] Processing templates/spring/richclient/SpringClientTest.vsl with 0 metafacades from 1 model elements
2022-01-18 19:21:11,127 INFO  [org.andromda.core.cartridge.Cartridge] Processing templates/spring/SpringClientExceptionHandlingAdvice.vsl with 0 metafacades from 1 model elements
2022-01-18 19:21:11,127 INFO  [org.andromda.core.cartridge.Cartridge] Processing templates/spring/SpringService.vsl with 2 metafacades from 1 model elements
2022-01-18 19:21:11,135 INFO  [AndroMDA:spring] Output: 'file:/home/junior/programming/work/bocra/bocraportal/mda/../core/target/src/main/java/bw/org/bocra/portal/licensee/LicenseeService.java'
2022-01-18 19:21:11,140 INFO  [AndroMDA:spring] Output: 'file:/home/junior/programming/work/bocra/bocraportal/mda/../core/target/src/main/java/bw/org/bocra/portal/user/UserOrganisationService.java'
2022-01-18 19:21:11,140 INFO  [org.andromda.core.cartridge.Cartridge] Processing templates/spring/SpringService.vsl with 0 metafacades from 1 model elements
2022-01-18 19:21:11,142 INFO  [org.andromda.core.cartridge.Cartridge] Processing templates/spring/SpringWebServiceDelegator.vsl with 0 metafacades from 1 model elements
2022-01-18 19:21:11,143 INFO  [org.andromda.core.cartridge.Cartridge] Processing templates/spring/SpringServiceBase.vsl with 2 metafacades from 1 model elements
2022-01-18 19:21:11,173 INFO  [AndroMDA:spring] Output: 'file:/home/junior/programming/work/bocra/bocraportal/mda/../core/target/src/main/java/bw/org/bocra/portal/licensee/LicenseeServiceBase.java'
2022-01-18 19:21:11,193 INFO  [AndroMDA:spring] Output: 'file:/home/junior/programming/work/bocra/bocraportal/mda/../core/target/src/main/java/bw/org/bocra/portal/user/UserOrganisationServiceBase.java'
2022-01-18 19:21:11,194 INFO  [org.andromda.core.cartridge.Cartridge] Processing templates/spring/SpringServiceBase.vsl with 0 metafacades from 1 model elements
2022-01-18 19:21:11,195 INFO  [org.andromda.core.cartridge.Cartridge] Processing templates/spring/SpringPrincipalStore.java.vsl with 2 metafacades from 2 model elements
2022-01-18 19:21:11,199 INFO  [AndroMDA:spring] Output: 'file:/home/junior/programming/work/bocra/bocraportal/mda/../core/target/src/main/java/bw/org/bocra/portal/PrincipalStore.java'
2022-01-18 19:21:11,199 INFO  [org.andromda.core.cartridge.Cartridge] Processing templates/spring/SpringPrincipalStore.java.vsl with 0 metafacades from 1 model elements
2022-01-18 19:21:11,200 WARN  [org.andromda.core.cartridge.Cartridge] Template outlet location 'server' is not defined in namespace spring
2022-01-18 19:21:11,200 INFO  [org.andromda.core.cartridge.Cartridge] Processing templates/spring/SpringServiceImpl.vsl with 2 metafacades from 1 model elements
2022-01-18 19:21:11,206 INFO  [org.andromda.core.cartridge.Cartridge] Processing templates/spring/SpringServiceImpl.vsl with 0 metafacades from 1 model elements
2022-01-18 19:21:11,206 INFO  [org.andromda.core.cartridge.Cartridge] Processing templates/spring/DefaultServiceException.vsl with 2 metafacades from 1 model elements
2022-01-18 19:21:11,211 INFO  [AndroMDA:spring] Output: 'file:/home/junior/programming/work/bocra/bocraportal/mda/../core/target/src/main/java/bw/org/bocra/portal/licensee/LicenseeServiceException.java'
2022-01-18 19:21:11,213 INFO  [AndroMDA:spring] Output: 'file:/home/junior/programming/work/bocra/bocraportal/mda/../core/target/src/main/java/bw/org/bocra/portal/user/UserOrganisationServiceException.java'
2022-01-18 19:21:11,214 INFO  [org.andromda.core.cartridge.Cartridge] Processing templates/spring/DefaultServiceException.vsl with 0 metafacades from 1 model elements
2022-01-18 19:21:11,215 INFO  [org.andromda.core.cartridge.Cartridge] Processing templates/spring/jms/applicationContext-jms.xml.vsl with 0 metafacades from 4 model elements
2022-01-18 19:21:11,215 INFO  [org.andromda.core.cartridge.Cartridge] Processing templates/spring/jms/MessageListener.java.vsl with 0 metafacades from 1 model elements
2022-01-18 19:21:11,216 INFO  [org.andromda.core.cartridge.Cartridge] Processing templates/spring/crud/SpringCrudService.vsl with 0 metafacades from 1 model elements
2022-01-18 19:21:11,216 INFO  [org.andromda.core.cartridge.Cartridge] Processing templates/spring/crud/SpringCrudServiceBase.vsl with 0 metafacades from 1 model elements
2022-01-18 19:21:11,216 INFO  [org.andromda.core.cartridge.Cartridge] Processing templates/spring/crud/SpringCrudServiceImpl.vsl with 0 metafacades from 1 model elements
2022-01-18 19:21:11,216 INFO  [org.andromda.core.cartridge.Cartridge] Processing templates/spring/crud/SpringCrudSearchExample.vsl with 0 metafacades from 1 model elements
2022-01-18 19:21:11,217 INFO  [org.andromda.core.cartridge.Cartridge] Processing templates/spring/crud/SpringCrudDao.vsl with 0 metafacades from 1 model elements
2022-01-18 19:21:11,217 INFO  [org.andromda.core.cartridge.Cartridge] Processing templates/spring/crud/SpringCrudDaoBase.vsl with 0 metafacades from 1 model elements
2022-01-18 19:21:11,217 INFO  [org.andromda.core.cartridge.Cartridge] Processing templates/spring/crud/SpringCrudValueObject.vsl with 0 metafacades from 1 model elements
2022-01-18 19:21:11,248 INFO  [AndroMDA] Processing cartridge hibernate on model /home/junior/programming/work/bocra/bocraportal/mda/src/main/uml/bocraportal.uml
2022-01-18 19:21:11,249 INFO  [org.andromda.core.cartridge.Cartridge] Processing templates/hibernate/HibernateEntity.vsl with 2 metafacades from 1 model elements
2022-01-18 19:21:11,348 INFO  [AndroMDA:hibernate] Output: 'file:/home/junior/programming/work/bocra/bocraportal/mda/../core/target/src/main/java/bw/org/bocra/portal/licensee/Licensee.java'
2022-01-18 19:21:11,406 INFO  [AndroMDA:hibernate] Output: 'file:/home/junior/programming/work/bocra/bocraportal/mda/../core/target/src/main/java/bw/org/bocra/portal/user/UserOrganisation.java'
2022-01-18 19:21:11,406 INFO  [org.andromda.core.cartridge.Cartridge] Processing templates/hibernate/HibernateEntityImpl.vsl with 2 metafacades from 1 model elements
2022-01-18 19:21:11,408 INFO  [AndroMDA:hibernate] Output: 'file:/home/junior/programming/work/bocra/bocraportal/mda/../core/target/src/main/java/bw/org/bocra/portal/licensee/LicenseeImpl.java'
2022-01-18 19:21:11,409 INFO  [AndroMDA:hibernate] Output: 'file:/home/junior/programming/work/bocra/bocraportal/mda/../core/target/src/main/java/bw/org/bocra/portal/user/UserOrganisationImpl.java'
2022-01-18 19:21:11,409 INFO  [org.andromda.core.cartridge.Cartridge] Processing templates/hibernate/HibernateEntityImpl.vsl with 0 metafacades from 1 model elements
2022-01-18 19:21:11,413 INFO  [org.andromda.core.cartridge.Cartridge] Processing templates/hibernate/HibernateEntityPK.vsl with 0 metafacades from 1 model elements
2022-01-18 19:21:11,414 INFO  [org.andromda.core.cartridge.Cartridge] Processing templates/hibernate/HibernateEmbeddedValue.vsl with 0 metafacades from 1 model elements
2022-01-18 19:21:11,414 INFO  [org.andromda.core.cartridge.Cartridge] Processing templates/hibernate/HibernateEmbeddedValueImpl.vsl with 0 metafacades from 1 model elements
2022-01-18 19:21:11,421 INFO  [AndroMDA:hibernate] Output: 'file:/home/junior/programming/work/bocra/bocraportal/mda/../core/target/src/main/java/org/andromda/persistence/hibernate/usertypes/HibernateByteBlobType.java'
2022-01-18 19:21:11,426 INFO  [AndroMDA:hibernate] Output: 'file:/home/junior/programming/work/bocra/bocraportal/mda/../core/target/src/main/java/org/andromda/persistence/hibernate/usertypes/HibernateStringClobType.java'
2022-01-18 19:21:11,426 INFO  [org.andromda.core.cartridge.Cartridge] Processing templates/hibernate/ejb/ejb-jar.xml.vsl with 2 metafacades from 1 model elements
2022-01-18 19:21:11,440 WARN  [org.andromda.core.cartridge.Cartridge] Template outlet location 'session-beans' is not defined in namespace hibernate
2022-01-18 19:21:11,441 INFO  [org.andromda.core.cartridge.Cartridge] Processing templates/hibernate/ejb/jboss.xml.vsl with 2 metafacades from 1 model elements
2022-01-18 19:21:11,442 WARN  [org.andromda.core.cartridge.Cartridge] Template outlet location 'session-beans' is not defined in namespace hibernate
2022-01-18 19:21:11,442 INFO  [org.andromda.core.cartridge.Cartridge] Processing templates/hibernate/ejb/HibernateSessionEJBLocator.vsl with 2 metafacades from 1 model elements
2022-01-18 19:21:11,444 WARN  [org.andromda.core.cartridge.Cartridge] Template outlet location 'session-beans' is not defined in namespace hibernate
2022-01-18 19:21:11,444 INFO  [org.andromda.core.cartridge.Cartridge] Processing templates/hibernate/ejb/HibernateSessionBean.vsl with 2 metafacades from 1 model elements
2022-01-18 19:21:11,451 WARN  [org.andromda.core.cartridge.Cartridge] Template outlet location 'session-beans' is not defined in namespace hibernate
2022-01-18 19:21:11,458 WARN  [org.andromda.core.cartridge.Cartridge] Template outlet location 'session-beans' is not defined in namespace hibernate
2022-01-18 19:21:11,459 INFO  [org.andromda.core.cartridge.Cartridge] Processing templates/hibernate/ejb/HibernateSessionBeanImpl.vsl with 2 metafacades from 1 model elements
2022-01-18 19:21:11,462 WARN  [org.andromda.core.cartridge.Cartridge] Template outlet location 'session-impls' is not defined in namespace hibernate
2022-01-18 19:21:11,463 WARN  [org.andromda.core.cartridge.Cartridge] Template outlet location 'session-impls' is not defined in namespace hibernate
2022-01-18 19:21:11,464 INFO  [org.andromda.core.cartridge.Cartridge] Processing templates/hibernate/ejb/HibernateSession.vsl with 2 metafacades from 1 model elements
2022-01-18 19:21:11,466 WARN  [org.andromda.core.cartridge.Cartridge] Template outlet location 'session-beans' is not defined in namespace hibernate
2022-01-18 19:21:11,467 WARN  [org.andromda.core.cartridge.Cartridge] Template outlet location 'session-beans' is not defined in namespace hibernate
2022-01-18 19:21:11,468 INFO  [org.andromda.core.cartridge.Cartridge] Processing templates/hibernate/ejb/HibernateSessionHome.vsl with 2 metafacades from 1 model elements
2022-01-18 19:21:11,469 WARN  [org.andromda.core.cartridge.Cartridge] Template outlet location 'session-beans' is not defined in namespace hibernate
2022-01-18 19:21:11,470 WARN  [org.andromda.core.cartridge.Cartridge] Template outlet location 'session-beans' is not defined in namespace hibernate
2022-01-18 19:21:11,471 WARN  [org.andromda.core.cartridge.Cartridge] Template outlet location 'session-beans' is not defined in namespace hibernate
2022-01-18 19:21:11,471 INFO  [org.andromda.core.cartridge.Cartridge] Processing templates/hibernate3/ejb/HibernateEntityFactory.vsl with 2 metafacades from 1 model elements
2022-01-18 19:21:11,484 WARN  [org.andromda.core.cartridge.Cartridge] Template outlet location 'session-beans' is not defined in namespace hibernate
2022-01-18 19:21:11,489 WARN  [org.andromda.core.cartridge.Cartridge] Template outlet location 'session-beans' is not defined in namespace hibernate
2022-01-18 19:21:11,490 INFO  [org.andromda.core.cartridge.Cartridge] Processing templates/hibernate/persistence.xml.vsl with 2 metafacades from 1 model elements
2022-01-18 19:21:11,498 WARN  [org.andromda.core.cartridge.Cartridge] Template outlet location 'configuration' is not defined in namespace hibernate
2022-01-18 19:21:11,499 INFO  [org.andromda.core.cartridge.Cartridge] Processing templates/hibernate3/hibernate.cfg.xml.vsl with 2 metafacades from 1 model elements
2022-01-18 19:21:11,501 WARN  [org.andromda.core.cartridge.Cartridge] Template outlet location 'configuration' is not defined in namespace hibernate
2022-01-18 19:21:11,501 INFO  [org.andromda.core.cartridge.Cartridge] Processing templates/hibernate/test/persistence-test.xml.vsl with 2 metafacades from 1 model elements
2022-01-18 19:21:11,503 WARN  [org.andromda.core.cartridge.Cartridge] Template outlet location 'test-configuration' is not defined in namespace hibernate
2022-01-18 19:21:11,504 INFO  [org.andromda.core.cartridge.Cartridge] Processing templates/hibernate/test/hibernate-test.cfg.xml.vsl with 2 metafacades from 1 model elements
2022-01-18 19:21:11,505 WARN  [org.andromda.core.cartridge.Cartridge] Template outlet location 'test-configuration' is not defined in namespace hibernate
2022-01-18 19:21:11,505 INFO  [org.andromda.core.cartridge.Cartridge] Processing templates/hibernate3/hibernate.hbm.xml.vsl with 2 metafacades from 1 model elements
2022-01-18 19:21:11,508 INFO  [org.andromda.core.cartridge.Cartridge] Processing templates/hibernate3/HibernateEnumeration.vsl with 0 metafacades from 1 model elements
2022-01-18 19:21:11,508 INFO  [org.andromda.core.cartridge.Cartridge] Processing templates/hibernate3/usertypes/HibernateEnumType.vsl with 0 metafacades from 1 model elements
2022-01-18 19:21:11,508 INFO  [org.andromda.core.cartridge.Cartridge] Processing templates/hibernate2/ejb/HibernateEntityFactory.vsl with 0 metafacades from 1 model elements
2022-01-18 19:21:11,509 INFO  [org.andromda.core.cartridge.Cartridge] Processing templates/hibernate2/hibernate.cfg.xml.vsl with 0 metafacades from 1 model elements
2022-01-18 19:21:11,509 INFO  [org.andromda.core.cartridge.Cartridge] Processing templates/hibernate2/hibernate.hbm.xml.vsl with 0 metafacades from 1 model elements
2022-01-18 19:21:11,509 INFO  [org.andromda.core.cartridge.Cartridge] Processing templates/hibernate2/HibernateEnumeration.vsl with 0 metafacades from 1 model elements
2022-01-18 19:21:11,512 INFO  [AndroMDA] Processing cartridge webservice on model /home/junior/programming/work/bocra/bocraportal/mda/src/main/uml/bocraportal.uml
2022-01-18 19:21:11,526 INFO  [org.andromda.core.cartridge.Cartridge] Processing templates/webservice/jaxws/jaxws-package-xsd.vsl with 4 metafacades from 1 model elements
2022-01-18 19:21:11,610 INFO  [org.andromda.core.cartridge.Cartridge] Processing templates/webservice/jaxws/jaxws-package-xsd.vsl with 4 metafacades from 1 model elements
2022-01-18 19:21:11,667 INFO  [org.andromda.core.cartridge.Cartridge] Processing templates/webservice/jaxws/package-info.java.vsl with 4 metafacades from 1 model elements
2022-01-18 19:21:11,669 INFO  [org.andromda.core.cartridge.Cartridge] Processing templates/webservice/configuration/web.xml.vsl with 2 metafacades from 1 model elements
2022-01-18 19:21:11,670 WARN  [org.andromda.core.cartridge.Cartridge] Template outlet location 'configuration' is not defined in namespace webservice
2022-01-18 19:21:11,671 INFO  [org.andromda.core.cartridge.Cartridge] Processing templates/webservice/configuration/web.xml.vsl with 2 metafacades from 1 model elements
2022-01-18 19:21:11,672 INFO  [org.andromda.core.cartridge.Cartridge] Processing templates/webservice/cxf/jaxb_bindings.xml.vsl with 2 metafacades from 1 model elements
2022-01-18 19:21:11,679 INFO  [org.andromda.core.cartridge.Cartridge] Processing templates/webservice/cxf/jaxb_bindings.xml.vsl with 2 metafacades from 1 model elements
2022-01-18 19:21:11,681 INFO  [org.andromda.core.cartridge.Cartridge] Processing templates/webservice/cxf/buildWS.xml.vsl with 2 metafacades from 1 model elements
2022-01-18 19:21:11,685 INFO  [org.andromda.core.cartridge.Cartridge] Processing templates/webservice/cxf/buildWS.xml.vsl with 2 metafacades from 1 model elements
2022-01-18 19:21:11,687 INFO  [org.andromda.core.cartridge.Cartridge] Processing templates/webservice/jaxws/jaxws-wsdl.vsl with 2 metafacades from 1 model elements
2022-01-18 19:21:11,691 INFO  [org.andromda.core.cartridge.Cartridge] Processing templates/webservice/jaxws/jaxws-wsdl.vsl with 2 metafacades from 1 model elements
2022-01-18 19:21:11,692 INFO  [org.andromda.core.cartridge.Cartridge] Processing templates/webservice/jaxws/package-info.java.vsl with 4 metafacades from 1 model elements
2022-01-18 19:21:11,693 INFO  [org.andromda.core.cartridge.Cartridge] Processing templates/webservice/jaxws/WebServiceInterface.java.vsl with 2 metafacades from 1 model elements
2022-01-18 19:21:11,698 INFO  [org.andromda.core.cartridge.Cartridge] Processing templates/webservice/jaxws/WebServiceEndpoint.java.vsl with 2 metafacades from 1 model elements
2022-01-18 19:21:11,746 INFO  [org.andromda.core.cartridge.Cartridge] Processing templates/webservice/jaxws/WebServiceDelegate.java.vsl with 2 metafacades from 1 model elements
2022-01-18 19:21:11,758 INFO  [org.andromda.core.cartridge.Cartridge] Processing templates/webservice/jaxws/WebServiceDelegate.java.vsl with 2 metafacades from 1 model elements
2022-01-18 19:21:11,767 INFO  [org.andromda.core.cartridge.Cartridge] Processing templates/webservice/jaxws/WebServiceSEIImplTest.java.vsl with 2 metafacades from 1 model elements
2022-01-18 19:21:11,777 INFO  [org.andromda.core.cartridge.Cartridge] Processing templates/webservice/jaxws/WebServiceSEIImplTest.java.vsl with 2 metafacades from 1 model elements
2022-01-18 19:21:11,783 INFO  [org.andromda.core.cartridge.Cartridge] Processing templates/webservice/jaxws/MethodResponse.java.vsl with 10 metafacades from 1 model elements
2022-01-18 19:21:11,792 INFO  [org.andromda.core.cartridge.Cartridge] Processing templates/webservice/jaxws/MethodRequest.java.vsl with 10 metafacades from 1 model elements
2022-01-18 19:21:11,813 INFO  [org.andromda.core.cartridge.Cartridge] Processing templates/webservice/jaxws/WebServiceMethodImpl.java.vsl with 10 metafacades from 1 model elements
2022-01-18 19:21:11,872 INFO  [org.andromda.core.cartridge.Cartridge] Processing templates/webservice/jaxws/WebServiceMethodImpl.java.vsl with 10 metafacades from 1 model elements
2022-01-18 19:21:11,917 INFO  [org.andromda.core.cartridge.Cartridge] Processing templates/webservice/cxf/WSClient.java.vsl with 2 metafacades from 1 model elements
2022-01-18 19:21:11,921 INFO  [org.andromda.core.cartridge.Cartridge] Processing templates/webservice/cxf/WSClient.java.vsl with 2 metafacades from 1 model elements
2022-01-18 19:21:11,921 INFO  [org.andromda.core.cartridge.Cartridge] Processing templates/webservice/jaxws/WebServiceClient.java.vsl with 2 metafacades from 1 model elements
2022-01-18 19:21:11,923 INFO  [org.andromda.core.cartridge.Cartridge] Processing templates/webservice/jaxws/WebServiceClient.java.vsl with 2 metafacades from 1 model elements
2022-01-18 19:21:11,924 INFO  [org.andromda.core.cartridge.Cartridge] Processing templates/webservice/jaxws/JettyServer.java.vsl with 2 metafacades from 1 model elements
2022-01-18 19:21:11,925 INFO  [org.andromda.core.cartridge.Cartridge] Processing templates/webservice/jaxws/JettyServer.java.vsl with 2 metafacades from 1 model elements
2022-01-18 19:21:11,926 INFO  [org.andromda.core.cartridge.Cartridge] Processing templates/webservice/cxf/WSClient.java.vsl with 2 metafacades from 1 model elements
2022-01-18 19:21:11,927 INFO  [org.andromda.core.cartridge.Cartridge] Processing templates/webservice/cxf/CXFTestClient.java.vsl with 2 metafacades from 1 model elements
2022-01-18 19:21:11,940 INFO  [org.andromda.core.cartridge.Cartridge] Processing templates/webservice/cxf/CXFTestClient.java.vsl with 2 metafacades from 1 model elements
2022-01-18 19:21:11,947 INFO  [org.andromda.core.cartridge.Cartridge] Processing templates/webservice/jaxws/index.html.vsl with 2 metafacades from 1 model elements
2022-01-18 19:21:11,949 INFO  [org.andromda.core.cartridge.Cartridge] Processing templates/webservice/jaxws/index.html.vsl with 2 metafacades from 1 model elements
2022-01-18 19:21:11,949 INFO  [org.andromda.core.cartridge.Cartridge] Processing templates/webservice/cxf/applicationContext-CXF.xml.vsl with 2 metafacades from 1 model elements
2022-01-18 19:21:11,951 INFO  [org.andromda.core.cartridge.Cartridge] Processing templates/webservice/cxf/applicationContext-CXF.xml.vsl with 2 metafacades from 1 model elements
2022-01-18 19:21:11,952 INFO  [org.andromda.core.cartridge.Cartridge] Processing templates/webservice/cxf/cxf-client.xml.vsl with 2 metafacades from 1 model elements
2022-01-18 19:21:11,953 INFO  [org.andromda.core.cartridge.Cartridge] Processing templates/webservice/cxf/cxf-client.xml.vsl with 2 metafacades from 1 model elements
2022-01-18 19:21:11,953 INFO  [org.andromda.core.cartridge.Cartridge] Processing templates/webservice/wsdl/wrapped-wsdl.vsl with 2 metafacades from 1 model elements
2022-01-18 19:21:11,957 INFO  [org.andromda.core.cartridge.Cartridge] Processing templates/webservice/xfire/services.xml.vsl with 2 metafacades from 1 model elements
2022-01-18 19:21:11,958 INFO  [org.andromda.core.cartridge.Cartridge] Processing templates/webservice/wsdl/wrapped-wsdl.vsl with 2 metafacades from 1 model elements
2022-01-18 19:21:11,958 INFO  [org.andromda.core.cartridge.Cartridge] Processing templates/webservice/axis2/axis2.xml.vsl with 2 metafacades from 1 model elements
2022-01-18 19:21:11,962 INFO  [org.andromda.core.cartridge.Cartridge] Processing templates/webservice/axis2/services.xml.vsl with 2 metafacades from 1 model elements
2022-01-18 19:21:11,964 INFO  [org.andromda.core.cartridge.Cartridge] Processing templates/webservice/wsdl/wrapped-wsdl.vsl with 2 metafacades from 1 model elements
2022-01-18 19:21:11,964 INFO  [org.andromda.core.cartridge.Cartridge] Processing templates/webservice/axis1/server-config.wsdd.vsl with 2 metafacades from 1 model elements
2022-01-18 19:21:11,980 INFO  [org.andromda.core.cartridge.Cartridge] Processing templates/webservice/axis1/wss4j/crypto.properties.vsl with 2 metafacades from 1 model elements
2022-01-18 19:21:11,981 INFO  [org.andromda.core.cartridge.Cartridge] Processing templates/webservice/axis1/WebServiceTest.java.vsl with 2 metafacades from 1 model elements
2022-01-18 19:21:11,984 INFO  [org.andromda.core.cartridge.Cartridge] Processing templates/webservice/axis1/WebServiceTestServiceLocator.java.vsl with 2 metafacades from 1 model elements
2022-01-18 19:21:11,986 INFO  [org.andromda.core.cartridge.Cartridge] Processing templates/webservice/axis1/WebServiceTestImpl.java.vsl with 2 metafacades from 1 model elements
2022-01-18 19:21:11,989 INFO  [org.andromda.core.cartridge.Cartridge] Processing templates/webservice/axis1/WebServiceTestImpl.java.vsl with 2 metafacades from 1 model elements
2022-01-18 19:21:11,993 INFO  [org.andromda.core.cartridge.Cartridge] Processing templates/webservice/jaxws/WebServiceEndpoint.java.vsl with 2 metafacades from 1 model elements
2022-01-18 19:21:12,010 INFO  [org.andromda.core.cartridge.Cartridge] Processing templates/webservice/jaxws/WebServiceInterface.java.vsl with 2 metafacades from 1 model elements
2022-01-18 19:21:12,010 INFO  [org.andromda.core.cartridge.Cartridge] Processing templates/webservice/jaxws/WebServiceDelegate.java.vsl with 2 metafacades from 1 model elements
2022-01-18 19:21:12,017 INFO  [org.andromda.core.cartridge.Cartridge] Processing templates/webservice/jaxws/WebServiceDelegate.java.vsl with 2 metafacades from 1 model elements
2022-01-18 19:21:12,025 INFO  [org.andromda.core.cartridge.Cartridge] Processing templates/webservice/configuration/sun-jaxws.xml.vsl with 2 metafacades from 1 model elements
2022-01-18 19:21:12,026 INFO  [org.andromda.core.cartridge.Cartridge] Processing templates/webservice/jaxws/jaxws-wsdl.vsl with 2 metafacades from 1 model elements
2022-01-18 19:21:12,026 INFO  [org.andromda.core.cartridge.Cartridge] Processing templates/webservice/jaxws/jaxws-xsd.vsl with 2 metafacades from 1 model elements
2022-01-18 19:21:12,040 INFO  [org.andromda.core.cartridge.Cartridge] Processing templates/webservice/springws/SpringWS.java.vsl with 2 metafacades from 1 model elements
2022-01-18 19:21:12,043 INFO  [AndroMDA:webservice] Output: 'file:/home/junior/programming/work/bocra/bocraportal/mda/../springws/target/src/main/java/bw/org/bocra/portal/auth/UserControler.java'
2022-01-18 19:21:12,046 INFO  [AndroMDA:webservice] Output: 'file:/home/junior/programming/work/bocra/bocraportal/mda/../springws/target/src/main/java/bw/org/bocra/portal/licensee/LicenseeController.java'
2022-01-18 19:21:12,046 INFO  [org.andromda.core.cartridge.Cartridge] Processing templates/webservice/springws/SpringWSBase.java.vsl with 2 metafacades from 1 model elements
2022-01-18 19:21:12,055 INFO  [AndroMDA:webservice] Output: 'file:/home/junior/programming/work/bocra/bocraportal/mda/../springws/target/src/main/java/bw/org/bocra/portal/auth/UserControlerBase.java'
2022-01-18 19:21:12,064 INFO  [AndroMDA:webservice] Output: 'file:/home/junior/programming/work/bocra/bocraportal/mda/../springws/target/src/main/java/bw/org/bocra/portal/licensee/LicenseeControllerBase.java'
2022-01-18 19:21:12,064 INFO  [org.andromda.core.cartridge.Cartridge] Processing templates/webservice/springws/SpringWSImpl.java.vsl with 2 metafacades from 1 model elements
2022-01-18 19:21:12,069 INFO  [AndroMDA] Processing cartridge java on model /home/junior/programming/work/bocra/bocraportal/mda/src/main/uml/bocraportal.uml
2022-01-18 19:21:12,069 INFO  [org.andromda.core.cartridge.Cartridge] Processing templates/java/Service.vsl with 2 metafacades from 1 model elements
2022-01-18 19:21:12,078 INFO  [AndroMDA:java] Output: 'file:/home/junior/programming/work/bocra/bocraportal/mda/../core/target/src/main/java/bw/org/bocra/portal/licensee/LicenseeService.java'
2022-01-18 19:21:12,085 INFO  [AndroMDA:java] Output: 'file:/home/junior/programming/work/bocra/bocraportal/mda/../core/target/src/main/java/bw/org/bocra/portal/user/UserOrganisationService.java'
2022-01-18 19:21:12,085 INFO  [org.andromda.core.cartridge.Cartridge] Processing templates/java/ServiceImpl.vsl with 2 metafacades from 1 model elements
2022-01-18 19:21:12,095 INFO  [org.andromda.core.cartridge.Cartridge] Processing templates/java/ServiceImpl.vsl with 2 metafacades from 1 model elements
2022-01-18 19:21:12,097 INFO  [AndroMDA:java] Output: 'file:/home/junior/programming/work/bocra/bocraportal/mda/../core/src/main/java/bw/org/bocra/portal/licensee/LicenseeServiceImpl.java.ref'
2022-01-18 19:21:12,098 INFO  [AndroMDA:java] Output: 'file:/home/junior/programming/work/bocra/bocraportal/mda/../core/src/main/java/bw/org/bocra/portal/user/UserOrganisationServiceImpl.java.ref'
2022-01-18 19:21:12,098 INFO  [org.andromda.core.cartridge.Cartridge] Processing templates/java/ValueObject.vsl with 4 metafacades from 1 model elements
2022-01-18 19:21:12,131 INFO  [AndroMDA:java] Output: 'file:/home/junior/programming/work/bocra/bocraportal/mda/../common/target/src/main/java/bw/org/bocra/portal/auth/UserVO.java'
2022-01-18 19:21:12,149 INFO  [AndroMDA:java] Output: 'file:/home/junior/programming/work/bocra/bocraportal/mda/../common/target/src/main/java/bw/org/bocra/portal/licensee/LicenseeVO.java'
2022-01-18 19:21:12,164 INFO  [AndroMDA:java] Output: 'file:/home/junior/programming/work/bocra/bocraportal/mda/../common/target/src/main/java/bw/org/bocra/portal/user/UserOrganisationVO.java'
2022-01-18 19:21:12,181 INFO  [AndroMDA:java] Output: 'file:/home/junior/programming/work/bocra/bocraportal/mda/../common/target/src/main/java/bw/org/bocra/portal/user/UserOrganisationCriteria.java'
2022-01-18 19:21:12,182 INFO  [org.andromda.core.cartridge.Cartridge] Processing templates/java/AnnotationType.vsl with 0 metafacades from 1 model elements
2022-01-18 19:21:12,182 INFO  [org.andromda.core.cartridge.Cartridge] Processing templates/java/ApplicationException.vsl with 0 metafacades from 2 model elements
2022-01-18 19:21:12,183 INFO  [org.andromda.core.cartridge.Cartridge] Processing templates/java/UnexpectedException.vsl with 0 metafacades from 1 model elements
2022-01-18 19:21:12,183 INFO  [org.andromda.core.cartridge.Cartridge] Processing templates/java/Enumeration.vsl with 0 metafacades from 1 model elements
2022-01-18 19:21:12,183 INFO  [org.andromda.core.cartridge.Cartridge] Processing templates/java/TypeSafeEnumeration.vsl with 0 metafacades from 1 model elements
2022-01-18 19:21:12,184 INFO  [org.andromda.core.cartridge.Cartridge] Processing templates/java/Interface.vsl with 0 metafacades from 1 model elements
2022-01-18 19:21:12,184 INFO  [org.andromda.core.cartridge.Cartridge] Processing templates/java/InterfaceImpl.vsl with 0 metafacades from 1 model elements
2022-01-18 19:21:12,194 INFO  [AndroMDA] Processing cartridge angular on model /home/junior/programming/work/bocra/bocraportal/mda/src/main/uml/bocraportal.uml
2022-01-18 19:21:12,194 INFO  [org.andromda.core.cartridge.Cartridge] Processing templates/angular/app/app.module.ts.vsl with 0 metafacades from 1 model elements
2022-01-18 19:21:12,198 INFO  [AndroMDA:angular] Output: 'file:/home/junior/programming/work/bocra/bocraportal/mda/../angular/src/app/app.module.ts'
2022-01-18 19:21:12,199 INFO  [org.andromda.core.cartridge.Cartridge] Processing templates/angular/translations/en-US.json.vsl with 0 metafacades from 3 model elements
2022-01-18 19:21:12,200 INFO  [AndroMDA:angular] Output: 'file:/home/junior/programming/work/bocra/bocraportal/mda/../angular/src/translations/en-US.json'
2022-01-18 19:21:12,201 INFO  [org.andromda.core.cartridge.Cartridge] Processing templates/angular/app/app-routing.module.ts.vsl with 0 metafacades from 2 model elements
2022-01-18 19:21:12,202 INFO  [AndroMDA:angular] Output: 'file:/home/junior/programming/work/bocra/bocraportal/mda/../angular/src/app/app-routing.module.ts'
2022-01-18 19:21:12,202 INFO  [org.andromda.core.cartridge.Cartridge] Processing templates/angular/app/model/model.ts.vsl with 4 metafacades from 1 model elements
2022-01-18 19:21:12,216 INFO  [AndroMDA:angular] Output: 'file:/home/junior/programming/work/bocra/bocraportal/mda/../angular/target/src/app/model/bw/org/bocra/portal/auth/user-vo.ts'
2022-01-18 19:21:12,225 INFO  [AndroMDA:angular] Output: 'file:/home/junior/programming/work/bocra/bocraportal/mda/../angular/target/src/app/model/bw/org/bocra/portal/licensee/licensee-vo.ts'
2022-01-18 19:21:12,244 INFO  [AndroMDA:angular] Output: 'file:/home/junior/programming/work/bocra/bocraportal/mda/../angular/target/src/app/model/bw/org/bocra/portal/user/user-organisation-vo.ts'
2022-01-18 19:21:12,255 INFO  [AndroMDA:angular] Output: 'file:/home/junior/programming/work/bocra/bocraportal/mda/../angular/target/src/app/model/bw/org/bocra/portal/user/user-organisation-criteria.ts'
2022-01-18 19:21:12,256 INFO  [org.andromda.core.cartridge.Cartridge] Processing templates/angular/app/model/spec.ts.vsl with 4 metafacades from 1 model elements
2022-01-18 19:21:12,257 INFO  [AndroMDA:angular] Output: 'file:/home/junior/programming/work/bocra/bocraportal/mda/../angular/target/src/app/model/bw/org/bocra/portal/auth/user-vo.spec.ts'
2022-01-18 19:21:12,257 INFO  [AndroMDA:angular] Output: 'file:/home/junior/programming/work/bocra/bocraportal/mda/../angular/target/src/app/model/bw/org/bocra/portal/licensee/licensee-vo.spec.ts'
2022-01-18 19:21:12,257 INFO  [AndroMDA:angular] Output: 'file:/home/junior/programming/work/bocra/bocraportal/mda/../angular/target/src/app/model/bw/org/bocra/portal/user/user-organisation-vo.spec.ts'
2022-01-18 19:21:12,258 INFO  [AndroMDA:angular] Output: 'file:/home/junior/programming/work/bocra/bocraportal/mda/../angular/target/src/app/model/bw/org/bocra/portal/user/user-organisation-criteria.spec.ts'
2022-01-18 19:21:12,258 INFO  [org.andromda.core.cartridge.Cartridge] Processing templates/angular/app/model/enumeration.vsl with 0 metafacades from 1 model elements
2022-01-18 19:21:12,259 INFO  [org.andromda.core.cartridge.Cartridge] Processing templates/angular/app/shell/shell.component.html.vsl with 0 metafacades from 2 model elements
2022-01-18 19:21:12,260 INFO  [AndroMDA:angular] Output: 'file:/home/junior/programming/work/bocra/bocraportal/mda/../angular/target/src/app/shell/shell.component.html'
2022-01-18 19:21:12,269 INFO  [org.andromda.core.cartridge.Cartridge] Processing templates/angular/app/service/service.ts.vsl with 2 metafacades from 1 model elements
2022-01-18 19:21:12,287 INFO  [AndroMDA:angular] Output: 'file:/home/junior/programming/work/bocra/bocraportal/mda/../angular/target/src/app/service/bw/org/bocra/portal/auth/user-controler.ts'
2022-01-18 19:21:12,305 INFO  [AndroMDA:angular] Output: 'file:/home/junior/programming/work/bocra/bocraportal/mda/../angular/target/src/app/service/bw/org/bocra/portal/licensee/licensee-controller.ts'
2022-01-18 19:21:12,308 INFO  [org.andromda.core.cartridge.Cartridge] Processing templates/angular/app/service/service.impl.ts.vsl with 2 metafacades from 1 model elements
2022-01-18 19:21:12,327 INFO  [org.andromda.core.cartridge.Cartridge] Processing templates/angular/app/controller/controller.ts.vsl with 0 metafacades from 1 model elements
2022-01-18 19:21:12,327 INFO  [org.andromda.core.cartridge.Cartridge] Processing templates/angular/app/controller/controller.impl.ts.vsl with 0 metafacades from 1 model elements
2022-01-18 19:21:12,328 INFO  [org.andromda.core.cartridge.Cartridge] Processing templates/angular/app/view/view.component.html.vsl with 0 metafacades from 1 model elements
2022-01-18 19:21:12,328 INFO  [org.andromda.core.cartridge.Cartridge] Processing templates/angular/app/view/view.component.ts.vsl with 0 metafacades from 1 model elements
2022-01-18 19:21:12,328 INFO  [org.andromda.core.cartridge.Cartridge] Processing templates/angular/app/view/view.component.impl.ts.vsl with 0 metafacades from 1 model elements
2022-01-18 19:21:12,328 INFO  [org.andromda.core.cartridge.Cartridge] Processing templates/angular/app/view/view.component.scss.vsl with 0 metafacades from 1 model elements
2022-01-18 19:21:12,329 INFO  [org.andromda.core.cartridge.Cartridge] Processing templates/angular/app/view/view.component.spec.ts.vsl with 0 metafacades from 1 model elements
2022-01-18 19:21:12,329 INFO  [org.andromda.core.cartridge.Cartridge] Processing templates/angular/app/usecase/use-case.component.ts.vsl with 0 metafacades from 1 model elements
2022-01-18 19:21:12,329 INFO  [org.andromda.core.cartridge.Cartridge] Processing templates/angular/app/usecase/use-case.module.ts.vsl with 0 metafacades from 1 model elements
2022-01-18 19:21:12,329 INFO  [org.andromda.core.cartridge.Cartridge] Processing templates/angular/app/usecase/use-case-routing.module.ts.vsl with 0 metafacades from 1 model elements
2022-01-18 19:21:12,330 INFO  [org.andromda.core.cartridge.Cartridge] Processing templates/angular/app/view/table/table.component.ts.vsl with 0 metafacades from 1 model elements
2022-01-18 19:21:12,330 INFO  [org.andromda.core.cartridge.Cartridge] Processing templates/angular/app/view/table/table.component.impl.ts.vsl with 0 metafacades from 1 model elements
2022-01-18 19:21:12,330 INFO  [org.andromda.core.cartridge.Cartridge] Processing templates/angular/app/view/table/table.component.html.vsl with 0 metafacades from 1 model elements
2022-01-18 19:21:12,330 INFO  [org.andromda.core.cartridge.Cartridge] Processing templates/angular/app/view/table/table.component.spec.ts.vsl with 0 metafacades from 1 model elements
2022-01-18 19:21:12,330 INFO  [org.andromda.core.cartridge.Cartridge] Processing templates/angular/app/view/table/table.component.scss.vsl with 0 metafacades from 1 model elements
2022-01-18 19:21:12,332 INFO  [AndroMDA:angular] Output: 'file:/home/junior/programming/work/bocra/bocraportal/mda/../angular/target/src/app/controller/utils/controller.base.ts'
2022-01-18 19:21:12,332 INFO  [AndroMDA] completed model processing --> TIME: 5.152[s], RESOURCES WRITTEN: 91
