2022-01-18 19:18:44,799 DEBUG [org.springframework.test.context.BootstrapUtils] Instantiating CacheAwareContextLoaderDelegate from class [org.springframework.test.context.cache.DefaultCacheAwareContextLoaderDelegate]
2022-01-18 19:18:44,808 DEBUG [org.springframework.test.context.BootstrapUtils] Instantiating BootstrapContext using constructor [public org.springframework.test.context.support.DefaultBootstrapContext(java.lang.Class,org.springframework.test.context.CacheAwareContextLoaderDelegate)]
2022-01-18 19:18:44,857 DEBUG [org.springframework.test.context.BootstrapUtils] Instantiating TestContextBootstrapper for test class [bw.org.bocra.portal.SpringWebApplicationTests] from class [org.springframework.boot.test.context.SpringBootTestContextBootstrapper]
2022-01-18 19:18:44,873 INFO  [org.springframework.boot.test.context.SpringBootTestContextBootstrapper] Neither @ContextConfiguration nor @ContextHierarchy found for test class [bw.org.bocra.portal.SpringWebApplicationTests], using SpringBootContextLoader
2022-01-18 19:18:44,879 DEBUG [org.springframework.test.context.support.AbstractContextLoader] Did not detect default resource location for test class [bw.org.bocra.portal.SpringWebApplicationTests]: class path resource [bw/org/bocra/portal/SpringWebApplicationTests-context.xml] does not exist
2022-01-18 19:18:44,880 DEBUG [org.springframework.test.context.support.AbstractContextLoader] Did not detect default resource location for test class [bw.org.bocra.portal.SpringWebApplicationTests]: class path resource [bw/org/bocra/portal/SpringWebApplicationTestsContext.groovy] does not exist
2022-01-18 19:18:44,880 INFO  [org.springframework.test.context.support.AbstractContextLoader] Could not detect default resource locations for test class [bw.org.bocra.portal.SpringWebApplicationTests]: no resource found for suffixes {-context.xml, Context.groovy}.
2022-01-18 19:18:44,881 INFO  [org.springframework.test.context.support.AnnotationConfigContextLoaderUtils] Could not detect default configuration classes for test class [bw.org.bocra.portal.SpringWebApplicationTests]: SpringWebApplicationTests does not declare any static, non-private, non-final, nested classes annotated with @Configuration.
2022-01-18 19:18:44,940 DEBUG [org.springframework.test.context.support.ActiveProfilesUtils] Could not find an 'annotation declaring class' for annotation type [org.springframework.test.context.ActiveProfiles] and class [bw.org.bocra.portal.SpringWebApplicationTests]
2022-01-18 19:18:45,027 DEBUG [org.springframework.context.annotation.ClassPathScanningCandidateComponentProvider] Identified candidate component class: file [/home/junior/programming/work/bocra/bocraportal/springws/target/classes/bw/org/bocra/portal/SpringWebApplication.class]
2022-01-18 19:18:45,030 DEBUG [org.springframework.context.annotation.ClassPathScanningCandidateComponentProvider] Identified candidate component class: URL [jar:file:/home/junior/programming/work/bocra/bocraportal/core/target/bocraportal-core-1.0.0.jar!/bw/org/bocra/portal/SharedAutoConfiguration.class]
2022-01-18 19:20:54,358 DEBUG [org.springframework.test.context.BootstrapUtils] Instantiating CacheAwareContextLoaderDelegate from class [org.springframework.test.context.cache.DefaultCacheAwareContextLoaderDelegate]
2022-01-18 19:20:54,367 DEBUG [org.springframework.test.context.BootstrapUtils] Instantiating BootstrapContext using constructor [public org.springframework.test.context.support.DefaultBootstrapContext(java.lang.Class,org.springframework.test.context.CacheAwareContextLoaderDelegate)]
2022-01-18 19:20:54,407 DEBUG [org.springframework.test.context.BootstrapUtils] Instantiating TestContextBootstrapper for test class [bw.org.bocra.portal.SpringWebApplicationTests] from class [org.springframework.boot.test.context.SpringBootTestContextBootstrapper]
2022-01-18 19:20:54,417 INFO  [org.springframework.boot.test.context.SpringBootTestContextBootstrapper] Neither @ContextConfiguration nor @ContextHierarchy found for test class [bw.org.bocra.portal.SpringWebApplicationTests], using SpringBootContextLoader
2022-01-18 19:20:54,421 DEBUG [org.springframework.test.context.support.AbstractContextLoader] Did not detect default resource location for test class [bw.org.bocra.portal.SpringWebApplicationTests]: class path resource [bw/org/bocra/portal/SpringWebApplicationTests-context.xml] does not exist
2022-01-18 19:20:54,421 DEBUG [org.springframework.test.context.support.AbstractContextLoader] Did not detect default resource location for test class [bw.org.bocra.portal.SpringWebApplicationTests]: class path resource [bw/org/bocra/portal/SpringWebApplicationTestsContext.groovy] does not exist
2022-01-18 19:20:54,422 INFO  [org.springframework.test.context.support.AbstractContextLoader] Could not detect default resource locations for test class [bw.org.bocra.portal.SpringWebApplicationTests]: no resource found for suffixes {-context.xml, Context.groovy}.
2022-01-18 19:20:54,422 INFO  [org.springframework.test.context.support.AnnotationConfigContextLoaderUtils] Could not detect default configuration classes for test class [bw.org.bocra.portal.SpringWebApplicationTests]: SpringWebApplicationTests does not declare any static, non-private, non-final, nested classes annotated with @Configuration.
2022-01-18 19:20:54,461 DEBUG [org.springframework.test.context.support.ActiveProfilesUtils] Could not find an 'annotation declaring class' for annotation type [org.springframework.test.context.ActiveProfiles] and class [bw.org.bocra.portal.SpringWebApplicationTests]
2022-01-18 19:20:54,532 DEBUG [org.springframework.context.annotation.ClassPathScanningCandidateComponentProvider] Identified candidate component class: file [/home/junior/programming/work/bocra/bocraportal/springws/target/classes/bw/org/bocra/portal/SpringWebApplication.class]
2022-01-18 19:20:54,535 DEBUG [org.springframework.context.annotation.ClassPathScanningCandidateComponentProvider] Identified candidate component class: URL [jar:file:/home/junior/programming/work/bocra/bocraportal/core/target/bocraportal-core-1.0.0.jar!/bw/org/bocra/portal/SharedAutoConfiguration.class]
2022-01-18 19:21:16,904 DEBUG [org.springframework.test.context.BootstrapUtils] Instantiating CacheAwareContextLoaderDelegate from class [org.springframework.test.context.cache.DefaultCacheAwareContextLoaderDelegate]
2022-01-18 19:21:16,916 DEBUG [org.springframework.test.context.BootstrapUtils] Instantiating BootstrapContext using constructor [public org.springframework.test.context.support.DefaultBootstrapContext(java.lang.Class,org.springframework.test.context.CacheAwareContextLoaderDelegate)]
2022-01-18 19:21:16,956 DEBUG [org.springframework.test.context.BootstrapUtils] Instantiating TestContextBootstrapper for test class [bw.org.bocra.portal.SpringWebApplicationTests] from class [org.springframework.boot.test.context.SpringBootTestContextBootstrapper]
2022-01-18 19:21:16,969 INFO  [org.springframework.boot.test.context.SpringBootTestContextBootstrapper] Neither @ContextConfiguration nor @ContextHierarchy found for test class [bw.org.bocra.portal.SpringWebApplicationTests], using SpringBootContextLoader
2022-01-18 19:21:16,974 DEBUG [org.springframework.test.context.support.AbstractContextLoader] Did not detect default resource location for test class [bw.org.bocra.portal.SpringWebApplicationTests]: class path resource [bw/org/bocra/portal/SpringWebApplicationTests-context.xml] does not exist
2022-01-18 19:21:16,975 DEBUG [org.springframework.test.context.support.AbstractContextLoader] Did not detect default resource location for test class [bw.org.bocra.portal.SpringWebApplicationTests]: class path resource [bw/org/bocra/portal/SpringWebApplicationTestsContext.groovy] does not exist
2022-01-18 19:21:16,975 INFO  [org.springframework.test.context.support.AbstractContextLoader] Could not detect default resource locations for test class [bw.org.bocra.portal.SpringWebApplicationTests]: no resource found for suffixes {-context.xml, Context.groovy}.
2022-01-18 19:21:16,976 INFO  [org.springframework.test.context.support.AnnotationConfigContextLoaderUtils] Could not detect default configuration classes for test class [bw.org.bocra.portal.SpringWebApplicationTests]: SpringWebApplicationTests does not declare any static, non-private, non-final, nested classes annotated with @Configuration.
2022-01-18 19:21:17,026 DEBUG [org.springframework.test.context.support.ActiveProfilesUtils] Could not find an 'annotation declaring class' for annotation type [org.springframework.test.context.ActiveProfiles] and class [bw.org.bocra.portal.SpringWebApplicationTests]
2022-01-18 19:21:17,088 DEBUG [org.springframework.context.annotation.ClassPathScanningCandidateComponentProvider] Identified candidate component class: file [/home/junior/programming/work/bocra/bocraportal/springws/target/classes/bw/org/bocra/portal/SpringWebApplication.class]
2022-01-18 19:21:17,090 DEBUG [org.springframework.context.annotation.ClassPathScanningCandidateComponentProvider] Identified candidate component class: URL [jar:file:/home/junior/programming/work/bocra/bocraportal/core/target/bocraportal-core-1.0.0.jar!/bw/org/bocra/portal/SharedAutoConfiguration.class]
